\BOOKMARK [1][-]{section.1}{Introduktion}{}% 1
\BOOKMARK [2][-]{subsection.1.1}{Formål}{section.1}% 2
\BOOKMARK [2][-]{subsection.1.2}{Scope}{section.1}% 3
\BOOKMARK [2][-]{subsection.1.3}{Centrale\040begreber}{section.1}% 4
\BOOKMARK [2][-]{subsection.1.4}{Anvendelse}{section.1}% 5
\BOOKMARK [2][-]{subsection.1.5}{Tilblivelse\040og\040governance}{section.1}% 6
\BOOKMARK [2][-]{subsection.1.6}{Metoderamme}{section.1}% 7
\BOOKMARK [2][-]{subsection.1.7}{Relation\040til\040andre\040referencearkitekturer}{section.1}% 8
\BOOKMARK [1][-]{section.2}{Strategi}{}% 9
\BOOKMARK [2][-]{subsection.2.1}{Forretningsmæssige tendenser}{section.2}% 10
\BOOKMARK [2][-]{subsection.2.2}{Teknologiske\040tendenser}{section.2}% 11
\BOOKMARK [2][-]{subsection.2.3}{Strategiske målsætning}{section.2}% 12
\BOOKMARK [2][-]{subsection.2.4}{Vision}{section.2}% 13
\BOOKMARK [2][-]{subsection.2.5}{Værdiskabelse}{section.2}% 14
\BOOKMARK [2][-]{subsection.2.6}{Strategiske\040principper}{section.2}% 15
\BOOKMARK [1][-]{section.3}{Forretning}{}% 16
\BOOKMARK [2][-]{subsection.3.1}{Aktører}{section.3}% 17
\BOOKMARK [2][-]{subsection.3.2}{Opgaver}{section.3}% 18
\BOOKMARK [2][-]{subsection.3.3}{Funktioner}{section.3}% 19
\BOOKMARK [2][-]{subsection.3.4}{Roller}{section.3}% 20
\BOOKMARK [2][-]{subsection.3.5}{Tværgående processer \(proces-trin, business functions?\)}{section.3}% 21
\BOOKMARK [2][-]{subsection.3.6}{Forretnings-tjenester?\040-funktioner?}{section.3}% 22
\BOOKMARK [2][-]{subsection.3.7}{Forretningsobjekter}{section.3}% 23
\BOOKMARK [3][-]{subsubsection.3.7.1}{Data}{subsection.3.7}% 24
\BOOKMARK [3][-]{subsubsection.3.7.2}{Registeroplysning\040\(record\)}{subsection.3.7}% 25
\BOOKMARK [3][-]{subsubsection.3.7.3}{Dokument}{subsection.3.7}% 26
\BOOKMARK [3][-]{subsubsection.3.7.4}{Datasamling}{subsection.3.7}% 27
\BOOKMARK [3][-]{subsubsection.3.7.5}{Datasubjekt}{subsection.3.7}% 28
\BOOKMARK [3][-]{subsubsection.3.7.6}{Model/Schema}{subsection.3.7}% 29
\BOOKMARK [3][-]{subsubsection.3.7.7}{Meddelelse}{subsection.3.7}% 30
\BOOKMARK [3][-]{subsubsection.3.7.8}{Påmindelse}{subsection.3.7}% 31
\BOOKMARK [3][-]{subsubsection.3.7.9}{Registreringshændelse?}{subsection.3.7}% 32
\BOOKMARK [1][-]{section.4}{Teknik}{}% 33
\BOOKMARK [2][-]{subsection.4.1}{Applikationsroller}{section.4}% 34
\BOOKMARK [3][-]{subsubsection.4.1.1}{eDelivery\040Service\040Provider}{subsection.4.1}% 35
\BOOKMARK [3][-]{subsubsection.4.1.2}{Dataservice}{subsection.4.1}% 36
\BOOKMARK [3][-]{subsubsection.4.1.3}{Kontaktregister}{subsection.4.1}% 37
\BOOKMARK [3][-]{subsubsection.4.1.4}{Log}{subsection.4.1}% 38
\BOOKMARK [3][-]{subsubsection.4.1.5}{Indeks}{subsection.4.1}% 39
\BOOKMARK [2][-]{subsection.4.2}{Katalog}{section.4}% 40
\BOOKMARK [1][-]{section.5}{Tekniske\040Implementering\(er\)}{}% 41
\BOOKMARK [2][-]{subsection.5.1}{Datanvendelse}{section.5}% 42
\BOOKMARK [3][-]{subsubsection.5.1.1}{Direkte\040adgang,\040SOA}{subsection.5.1}% 43
\BOOKMARK [3][-]{subsubsection.5.1.2}{Datadistribution}{subsection.5.1}% 44
\BOOKMARK [3][-]{subsubsection.5.1.3}{Distribueret\040Service-\040og\040data-platform}{subsection.5.1}% 45
\BOOKMARK [2][-]{subsection.5.2}{Registreret\040forsendelse}{section.5}% 46
\BOOKMARK [3][-]{subsubsection.5.2.1}{SOA / Email…}{subsection.5.2}% 47
\BOOKMARK [3][-]{subsubsection.5.2.2}{Fælles system}{subsection.5.2}% 48
\BOOKMARK [3][-]{subsubsection.5.2.3}{Service\040Providers}{subsection.5.2}% 49
\BOOKMARK [2][-]{subsection.5.3}{Registrering}{section.5}% 50
\BOOKMARK [3][-]{subsubsection.5.3.1}{ansvar\040hos\040registrant}{subsection.5.3}% 51
\BOOKMARK [3][-]{subsubsection.5.3.2}{ansvar\040hos\040dataejer}{subsection.5.3}% 52
\BOOKMARK [3][-]{subsubsection.5.3.3}{ansvar hos distributør?}{subsection.5.3}% 53
\BOOKMARK [2][-]{subsection.5.4}{Områder for standardisering/profileringer}{section.5}% 54
\BOOKMARK [2][-]{subsection.5.5}{Identifikation\040af\040eksisterende\040standarder}{section.5}% 55
